[2024-11-19 20:45:47,155] {RootLogger <module>:80} INFO - Initializing open (mechanical) tolerance analysis framework
[2024-11-19 20:46:01,959] {RootLogger validate_system_data_structure:165} INFO - Validating system data dictionary structure.
[2024-11-19 20:46:02,434] {RootLogger __init__:38} INFO - Initializing CompatibilityLoopHandling object.
[2024-11-19 20:46:02,435] {RootLogger generate_loop_id_to_matrix_list_dict:72} INFO - Generating loop ID to matrix list dictionary
[2024-11-19 20:46:02,435] {RootLogger __init__:66} INFO - Initializing DeviationMatrix with index: 0, translations: , rotations: , inverse: False
[2024-11-19 20:46:02,435] {RootLogger _initialize_basis_variables:105} INFO - Initializing basis variables.
[2024-11-19 20:46:02,435] {RootLogger __init__:422} INFO - [Type: 'T', ID: -1] Initializing TransformationMatrix.
[2024-11-19 20:46:02,438] {RootLogger get_matrix:556} INFO - [Type: 'T', ID: -1] Generating transformation matrix.
[2024-11-19 20:46:02,439] {RootLogger __init__:422} INFO - [Type: 'T', ID: 0] Initializing TransformationMatrix.
[2024-11-19 20:46:02,440] {RootLogger __init__:241} INFO - [Type: 'G', ID: 0] Initializing GapMatrix with blocked translations: xz, blocked rotations: xyz, inverse: False
[2024-11-19 20:46:02,440] {RootLogger get_matrix_inverse:574} INFO - [Type: 'T', ID: 0] Generating inverse transformation matrix.
[2024-11-19 20:46:02,441] {RootLogger __init__:422} INFO - [Type: 'T', ID: 0] Initializing TransformationMatrix.
[2024-11-19 20:46:02,441] {RootLogger get_inverse:313} INFO - [Type: 'G', ID: 0] Generating inverse DeviationMatrix.
[2024-11-19 20:46:02,441] {RootLogger __init__:241} INFO - [Type: 'G', ID: 0] Initializing GapMatrix with blocked translations: xz, blocked rotations: xyz, inverse: True
[2024-11-19 20:46:02,441] {RootLogger __init__:66} INFO - Initializing DeviationMatrix with index: 1, translations: , rotations: , inverse: True
[2024-11-19 20:46:02,441] {RootLogger _initialize_basis_variables:105} INFO - Initializing basis variables.
[2024-11-19 20:46:02,442] {RootLogger __init__:422} INFO - [Type: 'T', ID: -1] Initializing TransformationMatrix.
[2024-11-19 20:46:02,442] {RootLogger __init__:422} INFO - [Type: 'T', ID: -1] Initializing TransformationMatrix.
[2024-11-19 20:46:02,443] {RootLogger __init__:66} INFO - Initializing DeviationMatrix with index: 2, translations: , rotations: , inverse: False
[2024-11-19 20:46:02,443] {RootLogger _initialize_basis_variables:105} INFO - Initializing basis variables.
[2024-11-19 20:46:02,443] {RootLogger __init__:422} INFO - [Type: 'T', ID: -1] Initializing TransformationMatrix.
[2024-11-19 20:46:02,443] {RootLogger get_matrix:556} INFO - [Type: 'T', ID: -1] Generating transformation matrix.
[2024-11-19 20:46:02,444] {RootLogger __init__:422} INFO - [Type: 'T', ID: 1] Initializing TransformationMatrix.
[2024-11-19 20:46:02,444] {RootLogger __init__:241} INFO - [Type: 'G', ID: 1] Initializing GapMatrix with blocked translations: z, blocked rotations: xy, inverse: False
[2024-11-19 20:46:02,445] {RootLogger get_matrix_inverse:574} INFO - [Type: 'T', ID: 1] Generating inverse transformation matrix.
[2024-11-19 20:46:02,445] {RootLogger __init__:422} INFO - [Type: 'T', ID: 1] Initializing TransformationMatrix.
[2024-11-19 20:46:02,446] {RootLogger get_inverse:313} INFO - [Type: 'G', ID: 1] Generating inverse DeviationMatrix.
[2024-11-19 20:46:02,446] {RootLogger __init__:241} INFO - [Type: 'G', ID: 1] Initializing GapMatrix with blocked translations: z, blocked rotations: xy, inverse: True
[2024-11-19 20:46:02,446] {RootLogger __init__:66} INFO - Initializing DeviationMatrix with index: 3, translations: , rotations: , inverse: True
[2024-11-19 20:46:02,446] {RootLogger _initialize_basis_variables:105} INFO - Initializing basis variables.
[2024-11-19 20:46:02,446] {RootLogger __init__:422} INFO - [Type: 'T', ID: -1] Initializing TransformationMatrix.
[2024-11-19 20:46:02,447] {RootLogger __init__:422} INFO - [Type: 'T', ID: -1] Initializing TransformationMatrix.
[2024-11-19 20:46:02,447] {RootLogger __init__:422} INFO - [Type: 'T', ID: -1] Initializing TransformationMatrix.
[2024-11-19 20:46:02,448] {RootLogger __init__:422} INFO - [Type: 'T', ID: -1] Initializing TransformationMatrix.
[2024-11-19 20:46:02,448] {RootLogger __init__:66} INFO - Initializing DeviationMatrix with index: 4, translations: x, rotations: z, inverse: False
[2024-11-19 20:46:02,448] {RootLogger _initialize_basis_variables:105} INFO - Initializing basis variables.
[2024-11-19 20:46:02,449] {RootLogger __init__:422} INFO - [Type: 'T', ID: -1] Initializing TransformationMatrix.
[2024-11-19 20:46:02,449] {RootLogger get_matrix:556} INFO - [Type: 'T', ID: -1] Generating transformation matrix.
[2024-11-19 20:46:02,450] {RootLogger __init__:422} INFO - [Type: 'T', ID: 2] Initializing TransformationMatrix.
[2024-11-19 20:46:02,450] {RootLogger __init__:241} INFO - [Type: 'G', ID: 2] Initializing GapMatrix with blocked translations: z, blocked rotations: xy, inverse: False
[2024-11-19 20:46:02,450] {RootLogger get_matrix_inverse:574} INFO - [Type: 'T', ID: 2] Generating inverse transformation matrix.
[2024-11-19 20:46:02,451] {RootLogger __init__:422} INFO - [Type: 'T', ID: 2] Initializing TransformationMatrix.
[2024-11-19 20:46:02,451] {RootLogger get_inverse:313} INFO - [Type: 'G', ID: 2] Generating inverse DeviationMatrix.
[2024-11-19 20:46:02,451] {RootLogger __init__:241} INFO - [Type: 'G', ID: 2] Initializing GapMatrix with blocked translations: z, blocked rotations: xy, inverse: True
[2024-11-19 20:46:02,452] {RootLogger __init__:66} INFO - Initializing DeviationMatrix with index: 5, translations: x, rotations: z, inverse: True
[2024-11-19 20:46:02,452] {RootLogger _initialize_basis_variables:105} INFO - Initializing basis variables.
[2024-11-19 20:46:02,452] {RootLogger __init__:422} INFO - [Type: 'T', ID: -1] Initializing TransformationMatrix.
[2024-11-19 20:46:02,452] {RootLogger __init__:422} INFO - [Type: 'T', ID: -1] Initializing TransformationMatrix.
[2024-11-19 20:46:02,453] {RootLogger generate_FO_loop_matrices:79} INFO - Generating loop ID to first order expanded matrices dictionary
[2024-11-19 20:46:02,453] {RootLogger __init__:31} INFO - [Type: MatrixPolynomeTaylorExpansion] Initializing with provided matrix list.
[2024-11-19 20:46:02,453] {RootLogger construct_FO_matrix_expansion:53} INFO - [Type: MatrixPolynomeTaylorExpansion] Constructing first-order matrix expansion.
[2024-11-19 20:46:02,453] {RootLogger _compute_constant_term:88} INFO - [Type: MatrixPolynomeTaylorExpansion] Computing constant term (K0).
[2024-11-19 20:46:02,453] {RootLogger get_matrix:556} INFO - [Type: 'T', ID: 0] Generating transformation matrix.
[2024-11-19 20:46:02,453] {RootLogger get_matrix:556} INFO - [Type: 'T', ID: -1] Generating transformation matrix.
[2024-11-19 20:46:02,454] {RootLogger get_matrix:556} INFO - [Type: 'T', ID: 1] Generating transformation matrix.
[2024-11-19 20:46:02,454] {RootLogger get_matrix:556} INFO - [Type: 'T', ID: -1] Generating transformation matrix.
[2024-11-19 20:46:02,495] {RootLogger get_matrix:173} INFO - [Type: 'D', ID: 0] Generating SE3 matrix.
[2024-11-19 20:46:02,495] {RootLogger get_matrix:349} INFO - [Type: 'G', ID: 0] Generating SE3 matrix.
[2024-11-19 20:46:02,496] {RootLogger get_matrix:556} INFO - [Type: 'T', ID: 0] Generating transformation matrix.
[2024-11-19 20:46:02,497] {RootLogger get_matrix:556} INFO - [Type: 'T', ID: -1] Generating transformation matrix.
[2024-11-19 20:46:02,498] {RootLogger get_matrix:556} INFO - [Type: 'T', ID: 1] Generating transformation matrix.
[2024-11-19 20:46:02,498] {RootLogger get_matrix:556} INFO - [Type: 'T', ID: -1] Generating transformation matrix.
[2024-11-19 20:46:02,500] {RootLogger get_matrix_inverse:188} INFO - [Type: 'D', ID: 1] Generating inverse SE3 matrix.
[2024-11-19 20:46:02,501] {RootLogger get_matrix:173} INFO - [Type: 'D', ID: 2] Generating SE3 matrix.
[2024-11-19 20:46:02,501] {RootLogger get_matrix:349} INFO - [Type: 'G', ID: 1] Generating SE3 matrix.
[2024-11-19 20:46:02,502] {RootLogger get_matrix:556} INFO - [Type: 'T', ID: 0] Generating transformation matrix.
[2024-11-19 20:46:02,502] {RootLogger get_matrix:556} INFO - [Type: 'T', ID: -1] Generating transformation matrix.
[2024-11-19 20:46:02,503] {RootLogger get_matrix:556} INFO - [Type: 'T', ID: 1] Generating transformation matrix.
[2024-11-19 20:46:02,503] {RootLogger get_matrix:556} INFO - [Type: 'T', ID: -1] Generating transformation matrix.
[2024-11-19 20:46:02,505] {RootLogger get_matrix:556} INFO - [Type: 'T', ID: 0] Generating transformation matrix.
[2024-11-19 20:46:02,505] {RootLogger get_matrix:556} INFO - [Type: 'T', ID: -1] Generating transformation matrix.
[2024-11-19 20:46:02,506] {RootLogger get_matrix:556} INFO - [Type: 'T', ID: 1] Generating transformation matrix.
[2024-11-19 20:46:02,506] {RootLogger get_matrix:556} INFO - [Type: 'T', ID: -1] Generating transformation matrix.
[2024-11-19 20:46:02,508] {RootLogger get_matrix:556} INFO - [Type: 'T', ID: 0] Generating transformation matrix.
[2024-11-19 20:46:02,509] {RootLogger get_matrix:556} INFO - [Type: 'T', ID: -1] Generating transformation matrix.
[2024-11-19 20:46:02,509] {RootLogger get_matrix:556} INFO - [Type: 'T', ID: 1] Generating transformation matrix.
[2024-11-19 20:46:02,510] {RootLogger get_matrix:556} INFO - [Type: 'T', ID: -1] Generating transformation matrix.
[2024-11-19 20:46:02,512] {RootLogger get_matrix_inverse:188} INFO - [Type: 'D', ID: 3] Generating inverse SE3 matrix.
[2024-11-19 20:46:02,514] {RootLogger construct_FO_matrix_expansion:71} INFO - [Type: MatrixPolynomeTaylorExpansion] Simplifying first-order matrix expansion.
[2024-11-19 20:46:02,531] {RootLogger __init__:31} INFO - [Type: MatrixPolynomeTaylorExpansion] Initializing with provided matrix list.
[2024-11-19 20:46:02,531] {RootLogger construct_FO_matrix_expansion:53} INFO - [Type: MatrixPolynomeTaylorExpansion] Constructing first-order matrix expansion.
[2024-11-19 20:46:02,531] {RootLogger _compute_constant_term:88} INFO - [Type: MatrixPolynomeTaylorExpansion] Computing constant term (K0).
[2024-11-19 20:46:02,531] {RootLogger get_matrix:556} INFO - [Type: 'T', ID: 0] Generating transformation matrix.
[2024-11-19 20:46:02,532] {RootLogger get_matrix:556} INFO - [Type: 'T', ID: -1] Generating transformation matrix.
[2024-11-19 20:46:02,532] {RootLogger get_matrix:556} INFO - [Type: 'T', ID: 2] Generating transformation matrix.
[2024-11-19 20:46:02,533] {RootLogger get_matrix:556} INFO - [Type: 'T', ID: -1] Generating transformation matrix.
[2024-11-19 20:46:02,534] {RootLogger get_matrix:173} INFO - [Type: 'D', ID: 0] Generating SE3 matrix.
[2024-11-19 20:46:02,534] {RootLogger get_matrix:349} INFO - [Type: 'G', ID: 0] Generating SE3 matrix.
[2024-11-19 20:46:02,535] {RootLogger get_matrix:556} INFO - [Type: 'T', ID: 0] Generating transformation matrix.
[2024-11-19 20:46:02,535] {RootLogger get_matrix:556} INFO - [Type: 'T', ID: -1] Generating transformation matrix.
[2024-11-19 20:46:02,535] {RootLogger get_matrix:556} INFO - [Type: 'T', ID: 2] Generating transformation matrix.
[2024-11-19 20:46:02,536] {RootLogger get_matrix:556} INFO - [Type: 'T', ID: -1] Generating transformation matrix.
[2024-11-19 20:46:02,537] {RootLogger get_matrix_inverse:188} INFO - [Type: 'D', ID: 1] Generating inverse SE3 matrix.
[2024-11-19 20:46:02,537] {RootLogger get_matrix:173} INFO - [Type: 'D', ID: 4] Generating SE3 matrix.
[2024-11-19 20:46:02,537] {RootLogger get_matrix:556} INFO - [Type: 'T', ID: 0] Generating transformation matrix.
[2024-11-19 20:46:02,538] {RootLogger get_matrix:556} INFO - [Type: 'T', ID: -1] Generating transformation matrix.
[2024-11-19 20:46:02,538] {RootLogger get_matrix:556} INFO - [Type: 'T', ID: 2] Generating transformation matrix.
[2024-11-19 20:46:02,539] {RootLogger get_matrix:556} INFO - [Type: 'T', ID: -1] Generating transformation matrix.
[2024-11-19 20:46:02,541] {RootLogger get_matrix:556} INFO - [Type: 'T', ID: 0] Generating transformation matrix.
[2024-11-19 20:46:02,541] {RootLogger get_matrix:556} INFO - [Type: 'T', ID: -1] Generating transformation matrix.
[2024-11-19 20:46:02,542] {RootLogger get_matrix:556} INFO - [Type: 'T', ID: 2] Generating transformation matrix.
[2024-11-19 20:46:02,542] {RootLogger get_matrix:556} INFO - [Type: 'T', ID: -1] Generating transformation matrix.
[2024-11-19 20:46:02,545] {RootLogger get_matrix:349} INFO - [Type: 'G', ID: 2] Generating SE3 matrix.
[2024-11-19 20:46:02,545] {RootLogger get_matrix:556} INFO - [Type: 'T', ID: 0] Generating transformation matrix.
[2024-11-19 20:46:02,546] {RootLogger get_matrix:556} INFO - [Type: 'T', ID: -1] Generating transformation matrix.
[2024-11-19 20:46:02,546] {RootLogger get_matrix:556} INFO - [Type: 'T', ID: 2] Generating transformation matrix.
[2024-11-19 20:46:02,547] {RootLogger get_matrix:556} INFO - [Type: 'T', ID: -1] Generating transformation matrix.
[2024-11-19 20:46:02,549] {RootLogger get_matrix:556} INFO - [Type: 'T', ID: 0] Generating transformation matrix.
[2024-11-19 20:46:02,549] {RootLogger get_matrix:556} INFO - [Type: 'T', ID: -1] Generating transformation matrix.
[2024-11-19 20:46:02,549] {RootLogger get_matrix:556} INFO - [Type: 'T', ID: 2] Generating transformation matrix.
[2024-11-19 20:46:02,550] {RootLogger get_matrix:556} INFO - [Type: 'T', ID: -1] Generating transformation matrix.
[2024-11-19 20:46:02,552] {RootLogger get_matrix:556} INFO - [Type: 'T', ID: 0] Generating transformation matrix.
[2024-11-19 20:46:02,552] {RootLogger get_matrix:556} INFO - [Type: 'T', ID: -1] Generating transformation matrix.
[2024-11-19 20:46:02,553] {RootLogger get_matrix:556} INFO - [Type: 'T', ID: 2] Generating transformation matrix.
[2024-11-19 20:46:02,553] {RootLogger get_matrix:556} INFO - [Type: 'T', ID: -1] Generating transformation matrix.
[2024-11-19 20:46:02,556] {RootLogger get_matrix_inverse:188} INFO - [Type: 'D', ID: 5] Generating inverse SE3 matrix.
[2024-11-19 20:46:02,556] {RootLogger get_matrix:556} INFO - [Type: 'T', ID: 0] Generating transformation matrix.
[2024-11-19 20:46:02,557] {RootLogger get_matrix:556} INFO - [Type: 'T', ID: -1] Generating transformation matrix.
[2024-11-19 20:46:02,557] {RootLogger get_matrix:556} INFO - [Type: 'T', ID: 2] Generating transformation matrix.
[2024-11-19 20:46:02,558] {RootLogger get_matrix:556} INFO - [Type: 'T', ID: -1] Generating transformation matrix.
[2024-11-19 20:46:02,560] {RootLogger get_matrix:556} INFO - [Type: 'T', ID: 0] Generating transformation matrix.
[2024-11-19 20:46:02,560] {RootLogger get_matrix:556} INFO - [Type: 'T', ID: -1] Generating transformation matrix.
[2024-11-19 20:46:02,561] {RootLogger get_matrix:556} INFO - [Type: 'T', ID: 2] Generating transformation matrix.
[2024-11-19 20:46:02,561] {RootLogger get_matrix:556} INFO - [Type: 'T', ID: -1] Generating transformation matrix.
[2024-11-19 20:46:02,567] {RootLogger construct_FO_matrix_expansion:71} INFO - [Type: MatrixPolynomeTaylorExpansion] Simplifying first-order matrix expansion.
[2024-11-19 20:46:02,606] {RootLogger get_compatibility_expression_from_FO_matrices:62} INFO - Generating list of equations representing the compatibility loop
[2024-11-19 20:46:02,606] {RootLogger get_compatibility_expression_from_FO_matrices:62} INFO - Generating list of equations representing the compatibility loop
[2024-11-19 20:46:03,318] {RootLogger process_plane_plane_interaction:255} WARNING - The two interacting surfaces P1c and P2c are either not parallel or not facing each other.
[2024-11-19 20:46:03,320] {RootLogger process_plane_plane_interaction:255} WARNING - The two interacting surfaces P2c and P1c are either not parallel or not facing each other.
[2024-11-19 20:46:03,321] {RootLogger __init__:422} INFO - [Type: 'T', ID: -1] Initializing TransformationMatrix.
[2024-11-19 20:46:03,321] {RootLogger __init__:422} INFO - [Type: 'T', ID: -1] Initializing TransformationMatrix.
[2024-11-19 20:46:03,322] {RootLogger __init__:422} INFO - [Type: 'T', ID: -1] Initializing TransformationMatrix.
[2024-11-19 20:46:03,322] {RootLogger __init__:422} INFO - [Type: 'T', ID: -1] Initializing TransformationMatrix.
[2024-11-19 20:46:03,323] {RootLogger get_matrix_inverse:574} INFO - [Type: 'T', ID: 1] Generating inverse transformation matrix.
[2024-11-19 20:46:03,323] {RootLogger __init__:422} INFO - [Type: 'T', ID: 1] Initializing TransformationMatrix.
[2024-11-19 20:46:03,324] {RootLogger __init__:422} INFO - [Type: 'T', ID: -1] Initializing TransformationMatrix.
[2024-11-19 20:46:03,324] {RootLogger __init__:422} INFO - [Type: 'T', ID: -1] Initializing TransformationMatrix.
[2024-11-19 20:46:03,325] {RootLogger __init__:422} INFO - [Type: 'T', ID: -1] Initializing TransformationMatrix.
[2024-11-19 20:46:03,325] {RootLogger __init__:422} INFO - [Type: 'T', ID: -1] Initializing TransformationMatrix.
[2024-11-19 20:46:03,326] {RootLogger get_matrix_inverse:574} INFO - [Type: 'T', ID: 1] Generating inverse transformation matrix.
[2024-11-19 20:46:03,326] {RootLogger __init__:422} INFO - [Type: 'T', ID: 1] Initializing TransformationMatrix.
[2024-11-19 20:46:03,327] {RootLogger __init__:31} INFO - [Type: MatrixPolynomeTaylorExpansion] Initializing with provided matrix list.
[2024-11-19 20:46:03,327] {RootLogger construct_FO_matrix_expansion:53} INFO - [Type: MatrixPolynomeTaylorExpansion] Constructing first-order matrix expansion.
[2024-11-19 20:46:03,327] {RootLogger _compute_constant_term:88} INFO - [Type: MatrixPolynomeTaylorExpansion] Computing constant term (K0).
[2024-11-19 20:46:03,327] {RootLogger get_matrix:556} INFO - [Type: 'T', ID: -1] Generating transformation matrix.
[2024-11-19 20:46:03,328] {RootLogger get_matrix:556} INFO - [Type: 'T', ID: 1] Generating transformation matrix.
[2024-11-19 20:46:03,328] {RootLogger get_matrix:556} INFO - [Type: 'T', ID: -1] Generating transformation matrix.
[2024-11-19 20:46:03,328] {RootLogger get_matrix:556} INFO - [Type: 'T', ID: 1] Generating transformation matrix.
[2024-11-19 20:46:03,330] {RootLogger get_matrix:349} INFO - [Type: 'G', ID: 1] Generating SE3 matrix.
[2024-11-19 20:46:03,331] {RootLogger get_matrix:556} INFO - [Type: 'T', ID: -1] Generating transformation matrix.
[2024-11-19 20:46:03,331] {RootLogger get_matrix:556} INFO - [Type: 'T', ID: 1] Generating transformation matrix.
[2024-11-19 20:46:03,331] {RootLogger get_matrix:556} INFO - [Type: 'T', ID: -1] Generating transformation matrix.
[2024-11-19 20:46:03,332] {RootLogger get_matrix:556} INFO - [Type: 'T', ID: 1] Generating transformation matrix.
[2024-11-19 20:46:03,333] {RootLogger get_matrix:556} INFO - [Type: 'T', ID: -1] Generating transformation matrix.
[2024-11-19 20:46:03,334] {RootLogger get_matrix:556} INFO - [Type: 'T', ID: 1] Generating transformation matrix.
[2024-11-19 20:46:03,334] {RootLogger get_matrix:556} INFO - [Type: 'T', ID: -1] Generating transformation matrix.
[2024-11-19 20:46:03,335] {RootLogger get_matrix:556} INFO - [Type: 'T', ID: 1] Generating transformation matrix.
[2024-11-19 20:46:03,336] {RootLogger get_matrix:556} INFO - [Type: 'T', ID: -1] Generating transformation matrix.
[2024-11-19 20:46:03,336] {RootLogger get_matrix:556} INFO - [Type: 'T', ID: 1] Generating transformation matrix.
[2024-11-19 20:46:03,336] {RootLogger get_matrix:556} INFO - [Type: 'T', ID: -1] Generating transformation matrix.
[2024-11-19 20:46:03,337] {RootLogger get_matrix:556} INFO - [Type: 'T', ID: 1] Generating transformation matrix.
[2024-11-19 20:46:03,339] {RootLogger construct_FO_matrix_expansion:71} INFO - [Type: MatrixPolynomeTaylorExpansion] Simplifying first-order matrix expansion.
[2024-11-19 20:46:03,348] {RootLogger __init__:31} INFO - [Type: MatrixPolynomeTaylorExpansion] Initializing with provided matrix list.
[2024-11-19 20:46:03,349] {RootLogger construct_FO_matrix_expansion:53} INFO - [Type: MatrixPolynomeTaylorExpansion] Constructing first-order matrix expansion.
[2024-11-19 20:46:03,349] {RootLogger _compute_constant_term:88} INFO - [Type: MatrixPolynomeTaylorExpansion] Computing constant term (K0).
[2024-11-19 20:46:03,349] {RootLogger get_matrix:556} INFO - [Type: 'T', ID: -1] Generating transformation matrix.
[2024-11-19 20:46:03,349] {RootLogger get_matrix:556} INFO - [Type: 'T', ID: 1] Generating transformation matrix.
[2024-11-19 20:46:03,350] {RootLogger get_matrix:556} INFO - [Type: 'T', ID: -1] Generating transformation matrix.
[2024-11-19 20:46:03,350] {RootLogger get_matrix:556} INFO - [Type: 'T', ID: 1] Generating transformation matrix.
[2024-11-19 20:46:03,351] {RootLogger get_matrix:349} INFO - [Type: 'G', ID: 1] Generating SE3 matrix.
[2024-11-19 20:46:03,352] {RootLogger get_matrix:556} INFO - [Type: 'T', ID: -1] Generating transformation matrix.
[2024-11-19 20:46:03,352] {RootLogger get_matrix:556} INFO - [Type: 'T', ID: 1] Generating transformation matrix.
[2024-11-19 20:46:03,353] {RootLogger get_matrix:556} INFO - [Type: 'T', ID: -1] Generating transformation matrix.
[2024-11-19 20:46:03,353] {RootLogger get_matrix:556} INFO - [Type: 'T', ID: 1] Generating transformation matrix.
[2024-11-19 20:46:03,354] {RootLogger get_matrix:556} INFO - [Type: 'T', ID: -1] Generating transformation matrix.
[2024-11-19 20:46:03,355] {RootLogger get_matrix:556} INFO - [Type: 'T', ID: 1] Generating transformation matrix.
[2024-11-19 20:46:03,355] {RootLogger get_matrix:556} INFO - [Type: 'T', ID: -1] Generating transformation matrix.
[2024-11-19 20:46:03,355] {RootLogger get_matrix:556} INFO - [Type: 'T', ID: 1] Generating transformation matrix.
[2024-11-19 20:46:03,356] {RootLogger get_matrix:556} INFO - [Type: 'T', ID: -1] Generating transformation matrix.
[2024-11-19 20:46:03,357] {RootLogger get_matrix:556} INFO - [Type: 'T', ID: 1] Generating transformation matrix.
[2024-11-19 20:46:03,357] {RootLogger get_matrix:556} INFO - [Type: 'T', ID: -1] Generating transformation matrix.
[2024-11-19 20:46:03,358] {RootLogger get_matrix:556} INFO - [Type: 'T', ID: 1] Generating transformation matrix.
[2024-11-19 20:46:03,359] {RootLogger construct_FO_matrix_expansion:71} INFO - [Type: MatrixPolynomeTaylorExpansion] Simplifying first-order matrix expansion.
[2024-11-19 20:46:03,369] {RootLogger __init__:31} INFO - [Type: MatrixPolynomeTaylorExpansion] Initializing with provided matrix list.
[2024-11-19 20:46:03,369] {RootLogger construct_FO_matrix_expansion:53} INFO - [Type: MatrixPolynomeTaylorExpansion] Constructing first-order matrix expansion.
[2024-11-19 20:46:03,369] {RootLogger _compute_constant_term:88} INFO - [Type: MatrixPolynomeTaylorExpansion] Computing constant term (K0).
[2024-11-19 20:46:03,369] {RootLogger get_matrix:556} INFO - [Type: 'T', ID: -1] Generating transformation matrix.
[2024-11-19 20:46:03,370] {RootLogger get_matrix:556} INFO - [Type: 'T', ID: 1] Generating transformation matrix.
[2024-11-19 20:46:03,370] {RootLogger get_matrix:556} INFO - [Type: 'T', ID: -1] Generating transformation matrix.
[2024-11-19 20:46:03,371] {RootLogger get_matrix:556} INFO - [Type: 'T', ID: 1] Generating transformation matrix.
[2024-11-19 20:46:03,372] {RootLogger get_matrix:349} INFO - [Type: 'G', ID: 1] Generating SE3 matrix.
[2024-11-19 20:46:03,373] {RootLogger get_matrix:556} INFO - [Type: 'T', ID: -1] Generating transformation matrix.
[2024-11-19 20:46:03,373] {RootLogger get_matrix:556} INFO - [Type: 'T', ID: 1] Generating transformation matrix.
[2024-11-19 20:46:03,374] {RootLogger get_matrix:556} INFO - [Type: 'T', ID: -1] Generating transformation matrix.
[2024-11-19 20:46:03,374] {RootLogger get_matrix:556} INFO - [Type: 'T', ID: 1] Generating transformation matrix.
[2024-11-19 20:46:03,375] {RootLogger get_matrix:556} INFO - [Type: 'T', ID: -1] Generating transformation matrix.
[2024-11-19 20:46:03,376] {RootLogger get_matrix:556} INFO - [Type: 'T', ID: 1] Generating transformation matrix.
[2024-11-19 20:46:03,376] {RootLogger get_matrix:556} INFO - [Type: 'T', ID: -1] Generating transformation matrix.
[2024-11-19 20:46:03,376] {RootLogger get_matrix:556} INFO - [Type: 'T', ID: 1] Generating transformation matrix.
[2024-11-19 20:46:03,377] {RootLogger get_matrix:556} INFO - [Type: 'T', ID: -1] Generating transformation matrix.
[2024-11-19 20:46:03,378] {RootLogger get_matrix:556} INFO - [Type: 'T', ID: 1] Generating transformation matrix.
[2024-11-19 20:46:03,378] {RootLogger get_matrix:556} INFO - [Type: 'T', ID: -1] Generating transformation matrix.
[2024-11-19 20:46:03,379] {RootLogger get_matrix:556} INFO - [Type: 'T', ID: 1] Generating transformation matrix.
[2024-11-19 20:46:03,380] {RootLogger construct_FO_matrix_expansion:71} INFO - [Type: MatrixPolynomeTaylorExpansion] Simplifying first-order matrix expansion.
[2024-11-19 20:46:03,390] {RootLogger __init__:31} INFO - [Type: MatrixPolynomeTaylorExpansion] Initializing with provided matrix list.
[2024-11-19 20:46:03,391] {RootLogger construct_FO_matrix_expansion:53} INFO - [Type: MatrixPolynomeTaylorExpansion] Constructing first-order matrix expansion.
[2024-11-19 20:46:03,391] {RootLogger _compute_constant_term:88} INFO - [Type: MatrixPolynomeTaylorExpansion] Computing constant term (K0).
[2024-11-19 20:46:03,391] {RootLogger get_matrix:556} INFO - [Type: 'T', ID: -1] Generating transformation matrix.
[2024-11-19 20:46:03,391] {RootLogger get_matrix:556} INFO - [Type: 'T', ID: 1] Generating transformation matrix.
[2024-11-19 20:46:03,392] {RootLogger get_matrix:556} INFO - [Type: 'T', ID: -1] Generating transformation matrix.
[2024-11-19 20:46:03,392] {RootLogger get_matrix:556} INFO - [Type: 'T', ID: 1] Generating transformation matrix.
[2024-11-19 20:46:03,393] {RootLogger get_matrix:349} INFO - [Type: 'G', ID: 1] Generating SE3 matrix.
[2024-11-19 20:46:03,394] {RootLogger get_matrix:556} INFO - [Type: 'T', ID: -1] Generating transformation matrix.
[2024-11-19 20:46:03,394] {RootLogger get_matrix:556} INFO - [Type: 'T', ID: 1] Generating transformation matrix.
[2024-11-19 20:46:03,395] {RootLogger get_matrix:556} INFO - [Type: 'T', ID: -1] Generating transformation matrix.
[2024-11-19 20:46:03,395] {RootLogger get_matrix:556} INFO - [Type: 'T', ID: 1] Generating transformation matrix.
[2024-11-19 20:46:03,396] {RootLogger get_matrix:556} INFO - [Type: 'T', ID: -1] Generating transformation matrix.
[2024-11-19 20:46:03,397] {RootLogger get_matrix:556} INFO - [Type: 'T', ID: 1] Generating transformation matrix.
[2024-11-19 20:46:03,397] {RootLogger get_matrix:556} INFO - [Type: 'T', ID: -1] Generating transformation matrix.
[2024-11-19 20:46:03,398] {RootLogger get_matrix:556} INFO - [Type: 'T', ID: 1] Generating transformation matrix.
[2024-11-19 20:46:03,399] {RootLogger get_matrix:556} INFO - [Type: 'T', ID: -1] Generating transformation matrix.
[2024-11-19 20:46:03,400] {RootLogger get_matrix:556} INFO - [Type: 'T', ID: 1] Generating transformation matrix.
[2024-11-19 20:46:03,400] {RootLogger get_matrix:556} INFO - [Type: 'T', ID: -1] Generating transformation matrix.
[2024-11-19 20:46:03,400] {RootLogger get_matrix:556} INFO - [Type: 'T', ID: 1] Generating transformation matrix.
[2024-11-19 20:46:03,402] {RootLogger construct_FO_matrix_expansion:71} INFO - [Type: MatrixPolynomeTaylorExpansion] Simplifying first-order matrix expansion.
[2024-11-19 20:46:03,412] {RootLogger __init__:422} INFO - [Type: 'T', ID: -1] Initializing TransformationMatrix.
[2024-11-19 20:46:03,412] {RootLogger __init__:422} INFO - [Type: 'T', ID: -1] Initializing TransformationMatrix.
[2024-11-19 20:46:03,413] {RootLogger __init__:422} INFO - [Type: 'T', ID: -1] Initializing TransformationMatrix.
[2024-11-19 20:46:03,413] {RootLogger __init__:422} INFO - [Type: 'T', ID: -1] Initializing TransformationMatrix.
[2024-11-19 20:46:03,414] {RootLogger get_matrix_inverse:574} INFO - [Type: 'T', ID: 2] Generating inverse transformation matrix.
[2024-11-19 20:46:03,415] {RootLogger __init__:422} INFO - [Type: 'T', ID: 2] Initializing TransformationMatrix.
[2024-11-19 20:46:03,416] {RootLogger __init__:422} INFO - [Type: 'T', ID: -1] Initializing TransformationMatrix.
[2024-11-19 20:46:03,416] {RootLogger __init__:422} INFO - [Type: 'T', ID: -1] Initializing TransformationMatrix.
[2024-11-19 20:46:03,417] {RootLogger __init__:422} INFO - [Type: 'T', ID: -1] Initializing TransformationMatrix.
[2024-11-19 20:46:03,417] {RootLogger __init__:422} INFO - [Type: 'T', ID: -1] Initializing TransformationMatrix.
[2024-11-19 20:46:03,418] {RootLogger get_matrix_inverse:574} INFO - [Type: 'T', ID: 2] Generating inverse transformation matrix.
[2024-11-19 20:46:03,418] {RootLogger __init__:422} INFO - [Type: 'T', ID: 2] Initializing TransformationMatrix.
[2024-11-19 20:46:03,419] {RootLogger __init__:31} INFO - [Type: MatrixPolynomeTaylorExpansion] Initializing with provided matrix list.
[2024-11-19 20:46:03,419] {RootLogger construct_FO_matrix_expansion:53} INFO - [Type: MatrixPolynomeTaylorExpansion] Constructing first-order matrix expansion.
[2024-11-19 20:46:03,419] {RootLogger _compute_constant_term:88} INFO - [Type: MatrixPolynomeTaylorExpansion] Computing constant term (K0).
[2024-11-19 20:46:03,419] {RootLogger get_matrix:556} INFO - [Type: 'T', ID: -1] Generating transformation matrix.
[2024-11-19 20:46:03,419] {RootLogger get_matrix:556} INFO - [Type: 'T', ID: 2] Generating transformation matrix.
[2024-11-19 20:46:03,420] {RootLogger get_matrix:556} INFO - [Type: 'T', ID: -1] Generating transformation matrix.
[2024-11-19 20:46:03,420] {RootLogger get_matrix:556} INFO - [Type: 'T', ID: 2] Generating transformation matrix.
[2024-11-19 20:46:03,421] {RootLogger get_matrix:349} INFO - [Type: 'G', ID: 2] Generating SE3 matrix.
[2024-11-19 20:46:03,422] {RootLogger get_matrix:556} INFO - [Type: 'T', ID: -1] Generating transformation matrix.
[2024-11-19 20:46:03,422] {RootLogger get_matrix:556} INFO - [Type: 'T', ID: 2] Generating transformation matrix.
[2024-11-19 20:46:03,423] {RootLogger get_matrix:556} INFO - [Type: 'T', ID: -1] Generating transformation matrix.
[2024-11-19 20:46:03,423] {RootLogger get_matrix:556} INFO - [Type: 'T', ID: 2] Generating transformation matrix.
[2024-11-19 20:46:03,424] {RootLogger get_matrix:556} INFO - [Type: 'T', ID: -1] Generating transformation matrix.
[2024-11-19 20:46:03,425] {RootLogger get_matrix:556} INFO - [Type: 'T', ID: 2] Generating transformation matrix.
[2024-11-19 20:46:03,425] {RootLogger get_matrix:556} INFO - [Type: 'T', ID: -1] Generating transformation matrix.
[2024-11-19 20:46:03,425] {RootLogger get_matrix:556} INFO - [Type: 'T', ID: 2] Generating transformation matrix.
[2024-11-19 20:46:03,427] {RootLogger get_matrix:556} INFO - [Type: 'T', ID: -1] Generating transformation matrix.
[2024-11-19 20:46:03,427] {RootLogger get_matrix:556} INFO - [Type: 'T', ID: 2] Generating transformation matrix.
[2024-11-19 20:46:03,428] {RootLogger get_matrix:556} INFO - [Type: 'T', ID: -1] Generating transformation matrix.
[2024-11-19 20:46:03,428] {RootLogger get_matrix:556} INFO - [Type: 'T', ID: 2] Generating transformation matrix.
[2024-11-19 20:46:03,431] {RootLogger construct_FO_matrix_expansion:71} INFO - [Type: MatrixPolynomeTaylorExpansion] Simplifying first-order matrix expansion.
[2024-11-19 20:46:03,441] {RootLogger __init__:31} INFO - [Type: MatrixPolynomeTaylorExpansion] Initializing with provided matrix list.
[2024-11-19 20:46:03,441] {RootLogger construct_FO_matrix_expansion:53} INFO - [Type: MatrixPolynomeTaylorExpansion] Constructing first-order matrix expansion.
[2024-11-19 20:46:03,441] {RootLogger _compute_constant_term:88} INFO - [Type: MatrixPolynomeTaylorExpansion] Computing constant term (K0).
[2024-11-19 20:46:03,441] {RootLogger get_matrix:556} INFO - [Type: 'T', ID: -1] Generating transformation matrix.
[2024-11-19 20:46:03,442] {RootLogger get_matrix:556} INFO - [Type: 'T', ID: 2] Generating transformation matrix.
[2024-11-19 20:46:03,442] {RootLogger get_matrix:556} INFO - [Type: 'T', ID: -1] Generating transformation matrix.
[2024-11-19 20:46:03,442] {RootLogger get_matrix:556} INFO - [Type: 'T', ID: 2] Generating transformation matrix.
[2024-11-19 20:46:03,444] {RootLogger get_matrix:349} INFO - [Type: 'G', ID: 2] Generating SE3 matrix.
[2024-11-19 20:46:03,444] {RootLogger get_matrix:556} INFO - [Type: 'T', ID: -1] Generating transformation matrix.
[2024-11-19 20:46:03,445] {RootLogger get_matrix:556} INFO - [Type: 'T', ID: 2] Generating transformation matrix.
[2024-11-19 20:46:03,445] {RootLogger get_matrix:556} INFO - [Type: 'T', ID: -1] Generating transformation matrix.
[2024-11-19 20:46:03,445] {RootLogger get_matrix:556} INFO - [Type: 'T', ID: 2] Generating transformation matrix.
[2024-11-19 20:46:03,446] {RootLogger get_matrix:556} INFO - [Type: 'T', ID: -1] Generating transformation matrix.
[2024-11-19 20:46:03,447] {RootLogger get_matrix:556} INFO - [Type: 'T', ID: 2] Generating transformation matrix.
[2024-11-19 20:46:03,447] {RootLogger get_matrix:556} INFO - [Type: 'T', ID: -1] Generating transformation matrix.
[2024-11-19 20:46:03,448] {RootLogger get_matrix:556} INFO - [Type: 'T', ID: 2] Generating transformation matrix.
[2024-11-19 20:46:03,449] {RootLogger get_matrix:556} INFO - [Type: 'T', ID: -1] Generating transformation matrix.
[2024-11-19 20:46:03,450] {RootLogger get_matrix:556} INFO - [Type: 'T', ID: 2] Generating transformation matrix.
[2024-11-19 20:46:03,450] {RootLogger get_matrix:556} INFO - [Type: 'T', ID: -1] Generating transformation matrix.
[2024-11-19 20:46:03,450] {RootLogger get_matrix:556} INFO - [Type: 'T', ID: 2] Generating transformation matrix.
[2024-11-19 20:46:03,453] {RootLogger construct_FO_matrix_expansion:71} INFO - [Type: MatrixPolynomeTaylorExpansion] Simplifying first-order matrix expansion.
[2024-11-19 20:46:03,462] {RootLogger __init__:31} INFO - [Type: MatrixPolynomeTaylorExpansion] Initializing with provided matrix list.
[2024-11-19 20:46:03,462] {RootLogger construct_FO_matrix_expansion:53} INFO - [Type: MatrixPolynomeTaylorExpansion] Constructing first-order matrix expansion.
[2024-11-19 20:46:03,462] {RootLogger _compute_constant_term:88} INFO - [Type: MatrixPolynomeTaylorExpansion] Computing constant term (K0).
[2024-11-19 20:46:03,462] {RootLogger get_matrix:556} INFO - [Type: 'T', ID: -1] Generating transformation matrix.
[2024-11-19 20:46:03,463] {RootLogger get_matrix:556} INFO - [Type: 'T', ID: 2] Generating transformation matrix.
[2024-11-19 20:46:03,463] {RootLogger get_matrix:556} INFO - [Type: 'T', ID: -1] Generating transformation matrix.
[2024-11-19 20:46:03,464] {RootLogger get_matrix:556} INFO - [Type: 'T', ID: 2] Generating transformation matrix.
[2024-11-19 20:46:03,466] {RootLogger get_matrix:349} INFO - [Type: 'G', ID: 2] Generating SE3 matrix.
[2024-11-19 20:46:03,466] {RootLogger get_matrix:556} INFO - [Type: 'T', ID: -1] Generating transformation matrix.
[2024-11-19 20:46:03,467] {RootLogger get_matrix:556} INFO - [Type: 'T', ID: 2] Generating transformation matrix.
[2024-11-19 20:46:03,467] {RootLogger get_matrix:556} INFO - [Type: 'T', ID: -1] Generating transformation matrix.
[2024-11-19 20:46:03,467] {RootLogger get_matrix:556} INFO - [Type: 'T', ID: 2] Generating transformation matrix.
[2024-11-19 20:46:03,468] {RootLogger get_matrix:556} INFO - [Type: 'T', ID: -1] Generating transformation matrix.
[2024-11-19 20:46:03,469] {RootLogger get_matrix:556} INFO - [Type: 'T', ID: 2] Generating transformation matrix.
[2024-11-19 20:46:03,469] {RootLogger get_matrix:556} INFO - [Type: 'T', ID: -1] Generating transformation matrix.
[2024-11-19 20:46:03,470] {RootLogger get_matrix:556} INFO - [Type: 'T', ID: 2] Generating transformation matrix.
[2024-11-19 20:46:03,471] {RootLogger get_matrix:556} INFO - [Type: 'T', ID: -1] Generating transformation matrix.
[2024-11-19 20:46:03,471] {RootLogger get_matrix:556} INFO - [Type: 'T', ID: 2] Generating transformation matrix.
[2024-11-19 20:46:03,472] {RootLogger get_matrix:556} INFO - [Type: 'T', ID: -1] Generating transformation matrix.
[2024-11-19 20:46:03,472] {RootLogger get_matrix:556} INFO - [Type: 'T', ID: 2] Generating transformation matrix.
[2024-11-19 20:46:03,474] {RootLogger construct_FO_matrix_expansion:71} INFO - [Type: MatrixPolynomeTaylorExpansion] Simplifying first-order matrix expansion.
[2024-11-19 20:46:03,485] {RootLogger __init__:31} INFO - [Type: MatrixPolynomeTaylorExpansion] Initializing with provided matrix list.
[2024-11-19 20:46:03,485] {RootLogger construct_FO_matrix_expansion:53} INFO - [Type: MatrixPolynomeTaylorExpansion] Constructing first-order matrix expansion.
[2024-11-19 20:46:03,485] {RootLogger _compute_constant_term:88} INFO - [Type: MatrixPolynomeTaylorExpansion] Computing constant term (K0).
[2024-11-19 20:46:03,485] {RootLogger get_matrix:556} INFO - [Type: 'T', ID: -1] Generating transformation matrix.
[2024-11-19 20:46:03,486] {RootLogger get_matrix:556} INFO - [Type: 'T', ID: 2] Generating transformation matrix.
[2024-11-19 20:46:03,486] {RootLogger get_matrix:556} INFO - [Type: 'T', ID: -1] Generating transformation matrix.
[2024-11-19 20:46:03,487] {RootLogger get_matrix:556} INFO - [Type: 'T', ID: 2] Generating transformation matrix.
[2024-11-19 20:46:03,488] {RootLogger get_matrix:349} INFO - [Type: 'G', ID: 2] Generating SE3 matrix.
[2024-11-19 20:46:03,489] {RootLogger get_matrix:556} INFO - [Type: 'T', ID: -1] Generating transformation matrix.
[2024-11-19 20:46:03,489] {RootLogger get_matrix:556} INFO - [Type: 'T', ID: 2] Generating transformation matrix.
[2024-11-19 20:46:03,490] {RootLogger get_matrix:556} INFO - [Type: 'T', ID: -1] Generating transformation matrix.
[2024-11-19 20:46:03,490] {RootLogger get_matrix:556} INFO - [Type: 'T', ID: 2] Generating transformation matrix.
[2024-11-19 20:46:03,491] {RootLogger get_matrix:556} INFO - [Type: 'T', ID: -1] Generating transformation matrix.
[2024-11-19 20:46:03,492] {RootLogger get_matrix:556} INFO - [Type: 'T', ID: 2] Generating transformation matrix.
[2024-11-19 20:46:03,492] {RootLogger get_matrix:556} INFO - [Type: 'T', ID: -1] Generating transformation matrix.
[2024-11-19 20:46:03,492] {RootLogger get_matrix:556} INFO - [Type: 'T', ID: 2] Generating transformation matrix.
[2024-11-19 20:46:03,493] {RootLogger get_matrix:556} INFO - [Type: 'T', ID: -1] Generating transformation matrix.
[2024-11-19 20:46:03,494] {RootLogger get_matrix:556} INFO - [Type: 'T', ID: 2] Generating transformation matrix.
[2024-11-19 20:46:03,494] {RootLogger get_matrix:556} INFO - [Type: 'T', ID: -1] Generating transformation matrix.
[2024-11-19 20:46:03,495] {RootLogger get_matrix:556} INFO - [Type: 'T', ID: 2] Generating transformation matrix.
[2024-11-19 20:46:03,496] {RootLogger construct_FO_matrix_expansion:71} INFO - [Type: MatrixPolynomeTaylorExpansion] Simplifying first-order matrix expansion.
[2024-11-19 20:46:06,626] {RootLogger __init__:100} INFO - [Type: SystemOfConstraintsAssemblyModel] Initializing SystemOfConstraintsAssemblyModel with 6 compatibility equations and 4 interface equations.
[2024-11-19 20:46:06,627] {RootLogger extractFreeGapAndDeviationVariables:350} INFO - [Type: SystemOfConstraintsAssemblyModel] Retrieving free gap and deviation variables.
[2024-11-19 20:46:06,628] {RootLogger extractFreeGapAndDeviationVariables:366} INFO - [Type: SystemOfConstraintsAssemblyModel] Free gap and deviation variables retrieved successfully.
[2024-11-19 20:46:06,628] {RootLogger __init__:111} INFO - [Type: SystemOfConstraintsAssemblyModel] Derived deviation symbols: [u_d_4, gamma_d_4, u_d_5, gamma_d_5], gap symbols: [v_g_0, u_g_1, v_g_1, gamma_g_1, u_g_2, v_g_2, gamma_g_2]
[2024-11-19 20:46:06,628] {RootLogger __init__:117} INFO - [Type: SystemOfConstraintsAssemblyModel] Number of deviation symbols (nD): 4
[2024-11-19 20:46:06,628] {RootLogger __init__:120} INFO - [Type: SystemOfConstraintsAssemblyModel] Number of gap symbols (nG): 7
[2024-11-19 20:46:06,628] {RootLogger generateConstraintMatrices:281} INFO - [Type: SystemOfConstraintsAssemblyModel] Generating matrix representation for constraints.
[2024-11-19 20:46:06,629] {RootLogger generateConstraintMatrices:314} INFO - [Type: SystemOfConstraintsAssemblyModel] Matrix representation generated.
[2024-11-19 20:46:06,630] {RootLogger __init__:132} INFO - [Type: SystemOfConstraintsAssemblyModel] Matrix representation obtained.
[2024-11-19 20:46:23,224] {RootLogger get_composed_normal_defect_distribution:84} INFO - Using mu or sigma dictionary of parameters.
[2024-11-19 20:46:23,225] {RootLogger get_composed_normal_defect_distribution:92} INFO - No mean value for defect u_d_4 in mu_dict, setting mean to 0
[2024-11-19 20:46:23,233] {RootLogger get_composed_normal_defect_distribution:92} INFO - No mean value for defect gamma_d_4 in mu_dict, setting mean to 0
[2024-11-19 20:46:23,234] {RootLogger get_composed_normal_defect_distribution:92} INFO - No mean value for defect u_d_5 in mu_dict, setting mean to 0
[2024-11-19 20:46:23,235] {RootLogger get_composed_normal_defect_distribution:92} INFO - No mean value for defect gamma_d_5 in mu_dict, setting mean to 0
[2024-11-19 20:46:55,151] {RootLogger get_composed_normal_defect_distribution:84} INFO - Using mu or sigma dictionary of parameters.
[2024-11-19 20:46:55,151] {RootLogger get_composed_normal_defect_distribution:92} INFO - No mean value for defect u_d_4 in mu_dict, setting mean to 0
[2024-11-19 20:46:55,151] {RootLogger get_composed_normal_defect_distribution:92} INFO - No mean value for defect gamma_d_4 in mu_dict, setting mean to 0
[2024-11-19 20:46:55,152] {RootLogger get_composed_normal_defect_distribution:92} INFO - No mean value for defect u_d_5 in mu_dict, setting mean to 0
[2024-11-19 20:46:55,152] {RootLogger get_composed_normal_defect_distribution:92} INFO - No mean value for defect gamma_d_5 in mu_dict, setting mean to 0
